SYM
ADV
VERB
PRON
VERB
PRON
PUNCT

X
PUNCT

INTJ
PUNCT

ADP
NOUN
VERB
PRON
ADV
VERB
ADV
ADJ
ADP
NOUN
PUNCT
CCONJ
VERB
ADV
NOUN
ADP
PRON
DET
NOUN
NOUN
ADP
PRON
AUX
VERB
PUNCT

INTJ
ADV
ADP
DET
NOUN
PUNCT

CCONJ
ADJ
NOUN
ADP
NOUN
PUNCT

PRON
VERB
ADV
ADV
ADJ
PUNCT

CCONJ
PRON
AUX
VERB
ADP
NOUN
ADV
ADV
ADV
ADP
DET
NOUN
PUNCT

VERB
NOUN
PRON
VERB
NOUN
PRON
PRON
PUNCT
PROPN
PUNCT

PRON
VERB
ADV
VERB
PRON
VERB
PUNCT
PUNCT

INTJ
VERB
ADV
ADV
ADJ
PUNCT
CCONJ
VERB
ADV
ADV
ADJ
PUNCT
CCONJ
ADV
ADJ
NOUN
PUNCT
PRON
VERB
ADV
PRON
NOUN
PRON
AUX
VERB
ADV
ADP
PROPN
PROPN
VERB
PRON
VERB
PROPN
PROPN
X
X
ADV
VERB
PRON
ADV
ADJ
INTJ
PUNCT

PRON
VERB
ADV
ADV
ADV
VERB
DET
ADJ
NOUN
PRON
PUNCT

PRON
ADV
VERB
ADP
ADP
PUNCT

SYM
ADV
VERB
ADV
ADP
NOUN
PUNCT

VERB
ADV
ADV
ADJ
SCONJ
PRON
VERB
ADP
DET
NOUN
ADP
PROPN
ADV
VERB
ADV
VERB
ADV
SYM
NUM
PRON
AUX
VERB
ADP
PRON
AUX
VERB
CCONJ
VERB
ADP
PRON
SCONJ
PRON
ADV
VERB
PUNCT

VERB
ADV
ADV
VERB
ADV
ADP
PRON
VERB
ADV
ADV
PART
VERB
ADV
PRON
ADV
VERB
ADP
PROPN
CCONJ
VERB
ADV
ADV
ADV
ADJ
NOUN
PUNCT

ADV
VERB
VERB
NOUN
CCONJ
VERB
CCONJ
ADJ
NOUN
PUNCT
CCONJ
PRON
X
NOUN
ADP
NUM
NUM
NOUN
PUNCT

NOUN
ADP
NOUN
VERB
ADJ
NOUN
ADP
DET
NOUN
PUNCT
NOUN
NOUN
VERB
ADP
NOUN
ADP
PRON
AUX
VERB
ADP
ADP
NOUN
X
PUNCT
NUM
PUNCT
X
X
PUNCT
NUM
ADV
ADJ
NOUN
ADP
DET
NOUN
PUNCT
PUNCT
PUNCT

SYM
PRON
VERB
DET
NOUN
NOUN
SYM
X
ADP
PRON
VERB
PUNCT
ADV
ADV
X
PUNCT
VERB
PRON
ADV
PRON
ADV
ADV
VERB
VERB
ADV
ADP
NOUN
PUNCT

PRON
VERB
ADV
ADJ
PUNCT
PUNCT
SYM
VERB
PRON
ADP
PART
VERB
PRON
VERB
SYM
VERB
DET
ADJ
PRON
VERB
ADV
ADV
VERB
DET
NOUN
ADP
NOUN
ADP
PROPN
PUNCT

CCONJ
PRON
VERB
ADP
PROPN
VERB
PRON
ADV
ADV
VERB
PRON
VERB
ADJ
DET
NOUN
ADP
PROPN
PUNCT
CCONJ
ADV
VERB
PRON
ADV
PRON
VERB
VERB
DET
NOUN
ADP
PROPN
PUNCT
CCONJ
ADV
ADJ
NOUN
PUNCT

VERB
ADP
NOUN
DET
NOUN
ADP
PRON
ADJ
PUNCT
PUNCT

X
X
NOUN
ADP
PRON
ADJ
PUNCT
PRON
PUNCT
PROPN
CCONJ
NOUN
VERB
X
PUNCT
X
PRON
VERB
PRON
VERB
PRON
PUNCT
SCONJ
PRON
VERB
NOUN
PUNCT

PRON
VERB
ADP
DET
ADJ
PUNCT

PUNCT
PUNCT
PRON
VERB
SCONJ
VERB
ADP
PRON
INTJ
PUNCT

PRON
VERB
PRON
PUNCT

ADV
VERB
PRON
PRON
ADV
ADP
NUM
NUM
NOUN
ADP
PUNCT

ADV
ADP
NUM
NUM
NOUN
ADP
PUNCT

PRON
VERB
ADV
ADV
ADJ
NOUN
PUNCT

CCONJ
DET
NOUN
PUNCT
INTJ
PUNCT
ADV
VERB
PRON
ADV
VERB
ADP
PART
PUNCT
VERB
PUNCT
ADP
DET
ADJ
NOUN
PUNCT

INTJ
PUNCT
INTJ
PUNCT
PUNCT

INTJ
ADV
ADJ
PUNCT
PUNCT

SYM
VERB
ADV
ADP
NOUN
PUNCT
PRON
VERB
ADJ
ADP
ADJ
PUNCT

PUNCT
INTJ
INTJ
PUNCT
VERB
PROPN
CCONJ
VERB
DET
NOUN
SYM
NUM
INTJ
ADV
VERB
DET
ADJ
PUNCT
PUNCT

PRON
VERB
DET
ADJ
NOUN
ADP
ADJ
PUNCT

PRON
VERB
NOUN
PUNCT
VERB
ADV
PUNCT
PUNCT
PUNCT

VERB
PRON
VERB
ADJ
PUNCT
SYM
NUM
ADJ
NOUN
PUNCT

VERB
ADP
NOUN
PRON
VERB
SCONJ
VERB
ADP
ADV
ADJ
NOUN
ADP
ADJ
CCONJ
VERB
ADP
ADP
PRON
SCONJ
PRON
VERB
PUNCT
PRON
VERB
NUM
NOUN
ADP
ADV
PRON
AUX
VERB
ADV
ADV
VERB
PUNCT
VERB
PUNCT
VERB
PUNCT
VERB
NOUN
PUNCT
VERB
ADP
NOUN
CCONJ
VERB
ADV
VERB
DET
NOUN
ADP
PRON
ADV
VERB
NOUN
ADP
NOUN
PUNCT
ADJ
ADP
SCONJ
PRON
ADV
VERB
VERB
ADJ
NOUN
ADP
DET
ADJ
ADJ
NOUN
INTJ
PUNCT
INTJ
ADV
PUNCT
PRON
VERB
PRON
AUX
VERB
ADV
PUNCT
ADV
ADV
VERB
ADP
ADV
CCONJ
ADV
PUNCT

PUNCT
PUNCT
PRON
VERB
ADV
ADV
VERB
PRON
ADV
PUNCT
NUM
PUNCT
CCONJ
PRON
VERB
ADV
ADP
NOUN
PUNCT
ADV
VERB
ADP
NOUN
PUNCT
PUNCT

PUNCT
PUNCT
X
VERB
PRON
NOUN
ADP
ADP
NOUN
PUNCT
PRON
VERB
ADJ
NOUN
CCONJ
VERB
ADJ
ADJ
NOUN
PUNCT
VERB
ADP
ADV
ADP
PROPN
PUNCT

